<?xml version="1.0" encoding="UTF-8"?>
<testsuite name="test_scripts.suite.firstTest" tests="2" skipped="0" failures="0" errors="0" timestamp="2021-02-04T18:13:20" hostname="DESKTOP-MLDPLHO" time="33.097">
  <properties/>
  <testcase name="firstTest" classname="test_scripts.suite.firstTest" time="0.001"/>
  <testcase name="secondTest" classname="test_scripts.suite.firstTest" time="0.001"/>
  <system-out><![CDATA[Starting Test On Chrome Browser
MY FIRST TEST CASE
Finished Test On Chrome Browser
Starting Test On Chrome Browser
MY SECOND TEST CASE
Finished Test On Chrome Browser
]]></system-out>
  <system-err><![CDATA[Starting ChromeDriver 88.0.4324.96 (68dba2d8a0b149a1d3afac56fa74648032bcf46b-refs/branch-heads/4324@{#1784}) on port 31871
Only local connections are allowed.
Please see https://chromedriver.chromium.org/security-considerations for suggestions on keeping ChromeDriver safe.
ChromeDriver was started successfully.
Feb 04, 2021 11:42:53 PM org.openqa.selenium.remote.ProtocolHandshake createSession
INFO: Detected dialect: W3C
Starting ChromeDriver 88.0.4324.96 (68dba2d8a0b149a1d3afac56fa74648032bcf46b-refs/branch-heads/4324@{#1784}) on port 33572
Only local connections are allowed.
Please see https://chromedriver.chromium.org/security-considerations for suggestions on keeping ChromeDriver safe.
ChromeDriver was started successfully.
Feb 04, 2021 11:43:22 PM org.openqa.selenium.remote.ProtocolHandshake createSession
INFO: Detected dialect: W3C
]]></system-err>
</testsuite>
